<?xml version='1.0' encoding='UTF-8'?>
<deployment-plan xmlns="http://xmlns.oracle.com/weblogic/deployment-plan" xmlns:xsi="http://www.w3.org/2001/XMLSchema-instance" xsi:schemaLocation="http://xmlns.oracle.com/weblogic/deployment-plan http://xmlns.oracle.com/weblogic/deployment-plan/1.0/deployment-plan.xsd">
  <application-name>DOC1ConsultaFactura</application-name>
  <variable-definition>
    <variable>
      <name>ServletDescriptor_com.consystec.cam.ws.soap.DOC1Integration_ServletName_15051576823640</name>
      <value>com.consystec.cam.ws.soap.DOC1Integration</value>
    </variable>
    <variable>
      <name>Logging_LogFilename_15051576999391</name>
      <value>DOC1ConsultaFacturaCAM2.log</value>
    </variable>
  </variable-definition>
  <module-override>
    <module-name>DOC1ConsultaFactura.war</module-name>
    <module-type>war</module-type>
    <module-descriptor external="false">
      <root-element>weblogic-web-app</root-element>
      <uri>WEB-INF/weblogic.xml</uri>
      <variable-assignment>
        <name>ServletDescriptor_com.consystec.cam.ws.soap.DOC1Integration_ServletName_15051576823640</name>
        <xpath>/weblogic-web-app/servlet-descriptor/[servlet-name="com.consystec.cam.ws.soap.DOC1Integration"]/servlet-name</xpath>
        <origin>planbased</origin>
      </variable-assignment>
      <variable-assignment>
        <name>Logging_LogFilename_15051576999391</name>
        <xpath>/weblogic-web-app/logging/log-filename</xpath>
        <origin>planbased</origin>
      </variable-assignment>
    </module-descriptor>
    <module-descriptor external="false">
      <root-element>web-app</root-element>
      <uri>WEB-INF/web.xml</uri>
    </module-descriptor>
    <module-descriptor external="true">
      <root-element>wldf-resource</root-element>
      <uri>META-INF/weblogic-diagnostics.xml</uri>
    </module-descriptor>
    <module-descriptor external="true">
      <root-element>weblogic-webservices</root-element>
      <uri>WEB-INF/weblogic-webservices.xml</uri>
    </module-descriptor>
    <module-descriptor external="false">
      <root-element>webservices</root-element>
      <uri>WEB-INF/webservices.xml</uri>
    </module-descriptor>
    <module-descriptor external="true">
      <root-element>webservice-policy-ref</root-element>
      <uri>WEB-INF/weblogic-webservices-policy.xml</uri>
    </module-descriptor>
  </module-override>
  <config-root>C:\Users\Angel\Desktop\DOC1IntegrationDeploy\plan</config-root>
</deployment-plan>
