<project xmlns="http://maven.apache.org/POM/4.0.0"
  xmlns:xsi="http://www.w3.org/2001/XMLSchema-instance"
  xsi:schemaLocation="http://maven.apache.org/POM/4.0.0  http://maven.apache.org/xsd/maven-4.0.0.xsd">
  <modelVersion>4.0.0</modelVersion>
 
  <groupId>com.shengwang.example</groupId>
  <artifactId>spring-camel-netty4</artifactId>
  <version>0.0.1-SNAPSHOT</version>
  <packaging>jar</packaging>
 
  <name>spring-camel-netty</name>
  <url>http://maven.apache.org</url>
 
  <properties>
    <!-- Generic properties -->
    <java.version>1.8</java.version>
 
    <!-- Camel -->
    <camel.version>2.17.1</camel.version>

    <slf4jVersion>1.6.1</slf4jVersion>
  </properties>

  <dependencies>
    <dependency>
      <groupId>org.apache.camel</groupId>
      <artifactId>camel-core</artifactId>
      <version>${camel.version}</version>
    </dependency>
    <dependency>
      <groupId>org.apache.camel</groupId>
      <artifactId>camel-spring</artifactId>
      <version>${camel.version}</version>
    </dependency>
    <dependency>
      <groupId>org.apache.camel</groupId>
      <artifactId>camel-netty4</artifactId>
      <version>${camel.version}</version>
    </dependency>

    <dependency>
      <groupId>org.apache.camel</groupId>
      <artifactId>camel-mina2</artifactId>
      <version>${camel.version}</version>
      <!-- use the same version as your Camel core version -->
    </dependency>
<!--     <dependency>
      <groupId>org.slf4j</groupId>
      <artifactId>slf4j-api</artifactId>
      <version>${slf4jVersion}</version>
    </dependency> -->

    <dependency>
            <groupId>org.slf4j</groupId>
            <artifactId>slf4j-api</artifactId>
            <version>1.7.12</version>
    </dependency>
    <dependency>
            <groupId>org.slf4j</groupId>
            <artifactId>slf4j-log4j12</artifactId>
            <version>1.7.12</version>
    </dependency>
    <dependency>
            <groupId>org.apache.camel</groupId>
            <artifactId>camel-stream</artifactId>
            <version>2.15.2</version>
    </dependency>
    <dependency>
            <groupId>org.apache.camel</groupId>
            <artifactId>camel-exec</artifactId>
            <version>${camel.version}</version>
    </dependency>
    <dependency>
            <groupId>org.apache.camel</groupId>
            <artifactId>camel-ftp</artifactId>
            <version>${camel.version}</version>
    </dependency>

  </dependencies>
 
   
  <build>
    <plugins>
   <!-- Use JDK 1.7 -->
      <plugin>
        <groupId>org.apache.maven.plugins</groupId>
        <artifactId>maven-compiler-plugin</artifactId>
        <version>3.5.1</version>
        <configuration>
          <source>${java.version}</source>
          <target>${java.version}</target>
          <compilerArgument>-Xlint:all</compilerArgument>
          <showWarnings>true</showWarnings>
          <showDeprecation>true</showDeprecation>

        </configuration>

      </plugin>
 
      <!-- Allows the routes to be run via 'mvn camel:run' -->
      <plugin>
        <groupId>org.apache.camel</groupId>
        <artifactId>camel-maven-plugin</artifactId>
        <version>${camel.version}</version>
      </plugin>
    
    </plugins>
  </build>
</project>